<?xml version="1.0" encoding="UTF-8"?>
<!-- Generated by org.testng.reporters.JUnitReportReporter -->
<testsuite hostname="LAPTOP-BDS9RQF2" name="com.selenium.learning.selenium.Google" tests="1" failures="0" timestamp="19 Aug 2019 05:51:25 GMT" time="11.938" errors="0">
  <testcase name="testcase01" time="11.938" classname="com.selenium.learning.selenium.Google"/>
</testsuite> <!-- com.selenium.learning.selenium.Google -->
